<?xml version="1.0" encoding="UTF-8"?>
<!-- Generated by org.testng.reporters.JUnitReportReporter -->
<testsuite hostname="DESKTOP-P06UOCI" failures="0" tests="1" name="Academy.HomePage" time="20.564" errors="0" timestamp="2022-03-14T12:34:11 CST" skipped="0">
  <testcase classname="Academy.HomePage" name="basePageNavigation" time="20.564"/>
  <system-out/>
</testsuite> <!-- Academy.HomePage -->
