<?xml version="1.0" encoding="UTF-8"?>
<!-- Generated by org.testng.reporters.JUnitReportReporter -->
<testsuite hostname="DESKTOP-P06UOCI" failures="0" tests="1" name="academy.ValidateNavigationBar" time="0.025" errors="0" timestamp="2022-03-22T18:47:25 CST" skipped="0">
  <testcase classname="academy.ValidateNavigationBar" name="basePageNavigation" time="0.025"/>
  <system-out/>
</testsuite> <!-- academy.ValidateNavigationBar -->
