<?xml version="1.0" encoding="UTF-8"?>
<!-- Generated by org.testng.reporters.JUnitReportReporter -->
<testsuite hostname="DESKTOP-P06UOCI" failures="0" tests="2" name="academy.HomePage" time="61.410" errors="0" timestamp="2022-04-12T14:46:44 CDT" skipped="0">
  <testcase classname="academy.HomePage" name="basePageNavigation" time="34.035"/>
  <system-out/>
  <testcase classname="academy.HomePage" name="basePageNavigation" time="27.375"/>
  <system-out/>
</testsuite> <!-- academy.HomePage -->
