<?xml version="1.0" encoding="UTF-8"?>
<!-- Generated by org.testng.reporters.JUnitReportReporter -->
<testsuite hostname="DESKTOP-P06UOCI" failures="0" tests="1" name="academy.ValidateTitle" time="0.027" errors="0" timestamp="2022-04-12T14:46:44 CDT" skipped="0">
  <testcase classname="academy.ValidateTitle" name="basePageNavigation" time="0.027"/>
  <system-out/>
</testsuite> <!-- academy.ValidateTitle -->
